#
# There is insufficient memory for the Java Runtime Environment to continue.
# Native memory allocation (mmap) failed to map 65536 bytes for Failed to commit metaspace.
# Possible reasons:
#   The system is out of physical RAM or swap space
#   The process is running with CompressedOops enabled, and the Java Heap may be blocking the growth of the native heap
# Possible solutions:
#   Reduce memory load on the system
#   Increase physical memory or swap space
#   Check if swap backing store is full
#   Decrease Java heap size (-Xmx/-Xms)
#   Decrease number of Java threads
#   Decrease Java thread stack sizes (-Xss)
#   Set larger code cache with -XX:ReservedCodeCacheSize=
#   JVM is running with Unscaled Compressed Oops mode in which the Java heap is
#     placed in the first 4GB address space. The Java Heap base address is the
#     maximum limit for the native heap growth. Please use -XX:HeapBaseMinAddress
#     to set the Java Heap base and to place the Java Heap above 4GB virtual address.
# This output file may be truncated or incomplete.
#
#  Out of Memory Error (virtualSpaceNode.cpp:110), pid=9920, tid=12452
#
# JRE version: OpenJDK Runtime Environment JBR-17.0.6+7-469.82-jcef (17.0.6+7) (build 17.0.6+7-b469.82)
# Java VM: OpenJDK 64-Bit Server VM JBR-17.0.6+7-469.82-jcef (17.0.6+7-b469.82, mixed mode, tiered, compressed oops, compressed class ptrs, g1 gc, windows-amd64)
# No core dump will be written. Minidumps are not enabled by default on client versions of Windows
#

---------------  S U M M A R Y ------------

Command Line: git4idea.http.GitAskPassApp Username for 'https://github.com': 

Host: Intel(R) Core(TM) i7-4600U CPU @ 2.10GHz, 4 cores, 7G,  Windows 10 , 64 bit Build 19041 (10.0.19041.3031)
Time: Mon Jul  3 00:48:16 2023 China Standard Time elapsed time: 0.380234 seconds (0d 0h 0m 0s)

---------------  T H R E A D  ---------------

Current thread (0x0000017bf1e8e000):  JavaThread "main" [_thread_in_vm, id=12452, stack(0x0000006ae0200000,0x0000006ae0300000)]

Stack: [0x0000006ae0200000,0x0000006ae0300000]
Native frames: (J=compiled Java code, j=interpreted, Vv=VM code, C=native code)
V  [jvm.dll+0x683b4a]
V  [jvm.dll+0x842654]
V  [jvm.dll+0x843dfe]
V  [jvm.dll+0x844463]
V  [jvm.dll+0x249b75]
V  [jvm.dll+0x83e6ab]
V  [jvm.dll+0x627fa6]
V  [jvm.dll+0x62800a]
V  [jvm.dll+0x62a81a]
V  [jvm.dll+0x628946]
V  [jvm.dll+0x23db6f]
V  [jvm.dll+0x632735]
V  [jvm.dll+0x1eda2b]
V  [jvm.dll+0x1edf65]
V  [jvm.dll+0x1ee884]
V  [jvm.dll+0x1e3dcc]
V  [jvm.dll+0x547f8d]
V  [jvm.dll+0x1f46eb]
V  [jvm.dll+0x7bc67b]
V  [jvm.dll+0x7bdac2]
V  [jvm.dll+0x7bddf8]
V  [jvm.dll+0x24190e]
V  [jvm.dll+0x241b5f]
V  [jvm.dll+0x565e98]
V  [jvm.dll+0x568dd7]
V  [jvm.dll+0x3883a4]
V  [jvm.dll+0x387a0f]
C  0x0000017b8754a459

Java frames: (J=compiled Java code, j=interpreted, Vv=VM code)
j  sun.nio.fs.WindowsFileSystem.<init>(Lsun/nio/fs/WindowsFileSystemProvider;Ljava/lang/String;)V+10 java.base@17.0.6
j  sun.nio.fs.WindowsFileSystemProvider.<init>()V+13 java.base@17.0.6
j  sun.nio.fs.DefaultFileSystemProvider.<clinit>()V+4 java.base@17.0.6
v  ~StubRoutines::call_stub
j  java.nio.file.FileSystems$DefaultFileSystemHolder.getDefaultProvider()Ljava/nio/file/spi/FileSystemProvider;+0 java.base@17.0.6
j  java.nio.file.FileSystems$DefaultFileSystemHolder$1.run()Ljava/nio/file/spi/FileSystemProvider;+0 java.base@17.0.6
j  java.nio.file.FileSystems$DefaultFileSystemHolder$1.run()Ljava/lang/Object;+1 java.base@17.0.6
j  java.security.AccessController.executePrivileged(Ljava/security/PrivilegedAction;Ljava/security/AccessControlContext;Ljava/lang/Class;)Ljava/lang/Object;+29 java.base@17.0.6
j  java.security.AccessController.doPrivileged(Ljava/security/PrivilegedAction;)Ljava/lang/Object;+5 java.base@17.0.6
j  java.nio.file.FileSystems$DefaultFileSystemHolder.defaultFileSystem()Ljava/nio/file/FileSystem;+7 java.base@17.0.6
j  java.nio.file.FileSystems$DefaultFileSystemHolder.<clinit>()V+0 java.base@17.0.6
v  ~StubRoutines::call_stub
j  java.nio.file.FileSystems.getDefault()Ljava/nio/file/FileSystem;+6 java.base@17.0.6
j  java.io.File.toPath()Ljava/nio/file/Path;+22 java.base@17.0.6
j  java.util.zip.ZipFile$Source.get(Ljava/io/File;ZLjava/util/zip/ZipCoder;)Ljava/util/zip/ZipFile$Source;+6 java.base@17.0.6
j  java.util.zip.ZipFile$CleanableResource.<init>(Ljava/util/zip/ZipFile;Ljava/util/zip/ZipCoder;Ljava/io/File;I)V+56 java.base@17.0.6
j  java.util.zip.ZipFile.<init>(Ljava/io/File;ILjava/nio/charset/Charset;)V+123 java.base@17.0.6
j  java.util.zip.ZipFile.<init>(Ljava/io/File;I)V+6 java.base@17.0.6
j  java.util.jar.JarFile.<init>(Ljava/io/File;ZILjava/lang/Runtime$Version;)V+3 java.base@17.0.6
j  jdk.internal.loader.URLClassPath$JarLoader.getJarFile(Ljava/net/URL;)Ljava/util/jar/JarFile;+56 java.base@17.0.6
j  jdk.internal.loader.URLClassPath$JarLoader$1.run()Ljava/lang/Void;+55 java.base@17.0.6
j  jdk.internal.loader.URLClassPath$JarLoader$1.run()Ljava/lang/Object;+1 java.base@17.0.6
j  java.security.AccessController.executePrivileged(Ljava/security/PrivilegedExceptionAction;Ljava/security/AccessControlContext;Ljava/lang/Class;)Ljava/lang/Object;+29 java.base@17.0.6
j  java.security.AccessController.doPrivileged(Ljava/security/PrivilegedExceptionAction;Ljava/security/AccessControlContext;)Ljava/lang/Object;+13 java.base@17.0.6
j  jdk.internal.loader.URLClassPath$JarLoader.ensureOpen()V+19 java.base@17.0.6
j  jdk.internal.loader.URLClassPath$JarLoader.<init>(Ljava/net/URL;Ljava/net/URLStreamHandler;Ljava/util/HashMap;Ljava/security/AccessControlContext;)V+63 java.base@17.0.6
j  jdk.internal.loader.URLClassPath$3.run()Ljdk/internal/loader/URLClassPath$Loader;+168 java.base@17.0.6
j  jdk.internal.loader.URLClassPath$3.run()Ljava/lang/Object;+1 java.base@17.0.6
j  java.security.AccessController.executePrivileged(Ljava/security/PrivilegedExceptionAction;Ljava/security/AccessControlContext;Ljava/lang/Class;)Ljava/lang/Object;+29 java.base@17.0.6
j  java.security.AccessController.doPrivileged(Ljava/security/PrivilegedExceptionAction;Ljava/security/AccessControlContext;)Ljava/lang/Object;+13 java.base@17.0.6
j  jdk.internal.loader.URLClassPath.getLoader(Ljava/net/URL;)Ljdk/internal/loader/URLClassPath$Loader;+13 java.base@17.0.6
j  jdk.internal.loader.URLClassPath.getLoader(I)Ljdk/internal/loader/URLClassPath$Loader;+81 java.base@17.0.6
j  jdk.internal.loader.URLClassPath.getResource(Ljava/lang/String;Z)Ljdk/internal/loader/Resource;+42 java.base@17.0.6
j  jdk.internal.loader.BuiltinClassLoader.findClassOnClassPathOrNull(Ljava/lang/String;)Ljava/lang/Class;+26 java.base@17.0.6
j  jdk.internal.loader.BuiltinClassLoader.loadClassOrNull(Ljava/lang/String;Z)Ljava/lang/Class;+111 java.base@17.0.6
j  jdk.internal.loader.BuiltinClassLoader.loadClass(Ljava/lang/String;Z)Ljava/lang/Class;+3 java.base@17.0.6
j  jdk.internal.loader.ClassLoaders$AppClassLoader.loadClass(Ljava/lang/String;Z)Ljava/lang/Class;+36 java.base@17.0.6
j  java.lang.ClassLoader.loadClass(Ljava/lang/String;)Ljava/lang/Class;+3 java.base@17.0.6
v  ~StubRoutines::call_stub
j  java.lang.Class.forName0(Ljava/lang/String;ZLjava/lang/ClassLoader;Ljava/lang/Class;)Ljava/lang/Class;+0 java.base@17.0.6
j  java.lang.Class.forName(Ljava/lang/String;ZLjava/lang/ClassLoader;)Ljava/lang/Class;+43 java.base@17.0.6
j  sun.launcher.LauncherHelper.loadMainClass(ILjava/lang/String;)Ljava/lang/Class;+95 java.base@17.0.6
j  sun.launcher.LauncherHelper.checkAndLoadMain(ZILjava/lang/String;)Ljava/lang/Class;+42 java.base@17.0.6
v  ~StubRoutines::call_stub

---------------  P R O C E S S  ---------------

Threads class SMR info:
_java_thread_list=0x0000017bff2716c0, length=12, elements={
0x0000017bf1e8e000, 0x0000017bfe6f8ec0, 0x0000017bfe6fa230, 0x0000017bfe73b020,
0x0000017bfe73bae0, 0x0000017bfe73e4a0, 0x0000017bff121ff0, 0x0000017bff122be0,
0x0000017bff1235d0, 0x0000017bff129cb0, 0x0000017bff28ca80, 0x0000017bff29b2d0
}

Java Threads: ( => current thread )
=>0x0000017bf1e8e000 JavaThread "main" [_thread_in_vm, id=12452, stack(0x0000006ae0200000,0x0000006ae0300000)]
  0x0000017bfe6f8ec0 JavaThread "Reference Handler" daemon [_thread_blocked, id=22088, stack(0x0000006ae0900000,0x0000006ae0a00000)]
  0x0000017bfe6fa230 JavaThread "Finalizer" daemon [_thread_blocked, id=1316, stack(0x0000006ae0a00000,0x0000006ae0b00000)]
  0x0000017bfe73b020 JavaThread "Signal Dispatcher" daemon [_thread_blocked, id=6720, stack(0x0000006ae0b00000,0x0000006ae0c00000)]
  0x0000017bfe73bae0 JavaThread "Attach Listener" daemon [_thread_blocked, id=22708, stack(0x0000006ae0c00000,0x0000006ae0d00000)]
  0x0000017bfe73e4a0 JavaThread "Service Thread" daemon [_thread_blocked, id=22688, stack(0x0000006ae0d00000,0x0000006ae0e00000)]
  0x0000017bff121ff0 JavaThread "Monitor Deflation Thread" daemon [_thread_blocked, id=11380, stack(0x0000006ae0e00000,0x0000006ae0f00000)]
  0x0000017bff122be0 JavaThread "C2 CompilerThread0" daemon [_thread_blocked, id=20928, stack(0x0000006ae0f00000,0x0000006ae1000000)]
  0x0000017bff1235d0 JavaThread "C1 CompilerThread0" daemon [_thread_blocked, id=13976, stack(0x0000006ae1000000,0x0000006ae1100000)]
  0x0000017bff129cb0 JavaThread "Sweeper thread" daemon [_thread_blocked, id=24132, stack(0x0000006ae1100000,0x0000006ae1200000)]
  0x0000017bff28ca80 JavaThread "Notification Thread" daemon [_thread_blocked, id=22004, stack(0x0000006ae1200000,0x0000006ae1300000)]
  0x0000017bff29b2d0 JavaThread "Common-Cleaner" daemon [_thread_blocked, id=17484, stack(0x0000006ae1400000,0x0000006ae1500000)]

Other Threads:
  0x0000017bfe6f52a0 VMThread "VM Thread" [stack: 0x0000006ae0800000,0x0000006ae0900000] [id=22736]
  0x0000017bff28d360 WatcherThread [stack: 0x0000006ae1300000,0x0000006ae1400000] [id=16236]
  0x0000017bf2021a10 GCTaskThread "GC Thread#0" [stack: 0x0000006ae0300000,0x0000006ae0400000] [id=20816]
  0x0000017bf2032690 ConcurrentGCThread "G1 Main Marker" [stack: 0x0000006ae0400000,0x0000006ae0500000] [id=21976]
  0x0000017bf2033840 ConcurrentGCThread "G1 Conc#0" [stack: 0x0000006ae0500000,0x0000006ae0600000] [id=24360]
  0x0000017bfe5620b0 ConcurrentGCThread "G1 Refine#0" [stack: 0x0000006ae0600000,0x0000006ae0700000] [id=12816]
  0x0000017bfe562ad0 ConcurrentGCThread "G1 Service" [stack: 0x0000006ae0700000,0x0000006ae0800000] [id=22324]

Threads with active compile tasks:

VM state: not at safepoint (normal execution)

VM Mutex/Monitor currently owned by a thread:  ([mutex/lock_event])
[0x0000017bf1fc3b70] Metaspace_lock - owner thread: 0x0000017bf1e8e000

Heap address: 0x0000000081600000, size: 2026 MB, Compressed Oops mode: 32-bit

CDS archive(s) not mapped
Compressed class space mapped at: 0x0000000100000000-0x0000000140000000, reserved size: 1073741824
Narrow klass base: 0x0000000000000000, Narrow klass shift: 3, Narrow klass range: 0x140000000

GC Precious Log:
 CPUs: 4 total, 4 available
 Memory: 8097M
 Large Page Support: Disabled
 NUMA Support: Disabled
 Compressed Oops: Enabled (32-bit)
 Heap Region Size: 1M
 Heap Min Capacity: 8M
 Heap Initial Capacity: 128M
 Heap Max Capacity: 2026M
 Pre-touch: Disabled
 Parallel Workers: 4
 Concurrent Workers: 1
 Concurrent Refinement Workers: 4
 Periodic GC: Disabled

Heap:
 garbage-first heap   total 131072K, used 1024K [0x0000000081600000, 0x0000000100000000)
  region size 1024K, 2 young (2048K), 0 survivors (0K)
 Metaspace       used 4114K, committed 4160K, reserved 1056768K
  class space    used 338K, committed 384K, reserved 1048576K

Heap Regions: E=young(eden), S=young(survivor), O=old, HS=humongous(starts), HC=humongous(continues), CS=collection set, F=free, OA=open archive, CA=closed archive, TAMS=top-at-mark-start (previous, next)
|   0|0x0000000081600000, 0x0000000081600000, 0x0000000081700000|  0%| F|  |TAMS 0x0000000081600000, 0x0000000081600000| Untracked 
|   1|0x0000000081700000, 0x0000000081700000, 0x0000000081800000|  0%| F|  |TAMS 0x0000000081700000, 0x0000000081700000| Untracked 
|   2|0x0000000081800000, 0x0000000081800000, 0x0000000081900000|  0%| F|  |TAMS 0x0000000081800000, 0x0000000081800000| Untracked 
|   3|0x0000000081900000, 0x0000000081900000, 0x0000000081a00000|  0%| F|  |TAMS 0x0000000081900000, 0x0000000081900000| Untracked 
|   4|0x0000000081a00000, 0x0000000081a00000, 0x0000000081b00000|  0%| F|  |TAMS 0x0000000081a00000, 0x0000000081a00000| Untracked 
|   5|0x0000000081b00000, 0x0000000081b00000, 0x0000000081c00000|  0%| F|  |TAMS 0x0000000081b00000, 0x0000000081b00000| Untracked 
|   6|0x0000000081c00000, 0x0000000081c00000, 0x0000000081d00000|  0%| F|  |TAMS 0x0000000081c00000, 0x0000000081c00000| Untracked 
|   7|0x0000000081d00000, 0x0000000081d00000, 0x0000000081e00000|  0%| F|  |TAMS 0x0000000081d00000, 0x0000000081d00000| Untracked 
|   8|0x0000000081e00000, 0x0000000081e00000, 0x0000000081f00000|  0%| F|  |TAMS 0x0000000081e00000, 0x0000000081e00000| Untracked 
|   9|0x0000000081f00000, 0x0000000081f00000, 0x0000000082000000|  0%| F|  |TAMS 0x0000000081f00000, 0x0000000081f00000| Untracked 
|  10|0x0000000082000000, 0x0000000082000000, 0x0000000082100000|  0%| F|  |TAMS 0x0000000082000000, 0x0000000082000000| Untracked 
|  11|0x0000000082100000, 0x0000000082100000, 0x0000000082200000|  0%| F|  |TAMS 0x0000000082100000, 0x0000000082100000| Untracked 
|  12|0x0000000082200000, 0x0000000082200000, 0x0000000082300000|  0%| F|  |TAMS 0x0000000082200000, 0x0000000082200000| Untracked 
|  13|0x0000000082300000, 0x0000000082300000, 0x0000000082400000|  0%| F|  |TAMS 0x0000000082300000, 0x0000000082300000| Untracked 
|  14|0x0000000082400000, 0x0000000082400000, 0x0000000082500000|  0%| F|  |TAMS 0x0000000082400000, 0x0000000082400000| Untracked 
|  15|0x0000000082500000, 0x0000000082500000, 0x0000000082600000|  0%| F|  |TAMS 0x0000000082500000, 0x0000000082500000| Untracked 
|  16|0x0000000082600000, 0x0000000082600000, 0x0000000082700000|  0%| F|  |TAMS 0x0000000082600000, 0x0000000082600000| Untracked 
|  17|0x0000000082700000, 0x0000000082700000, 0x0000000082800000|  0%| F|  |TAMS 0x0000000082700000, 0x0000000082700000| Untracked 
|  18|0x0000000082800000, 0x0000000082800000, 0x0000000082900000|  0%| F|  |TAMS 0x0000000082800000, 0x0000000082800000| Untracked 
|  19|0x0000000082900000, 0x0000000082900000, 0x0000000082a00000|  0%| F|  |TAMS 0x0000000082900000, 0x0000000082900000| Untracked 
|  20|0x0000000082a00000, 0x0000000082a00000, 0x0000000082b00000|  0%| F|  |TAMS 0x0000000082a00000, 0x0000000082a00000| Untracked 
|  21|0x0000000082b00000, 0x0000000082b00000, 0x0000000082c00000|  0%| F|  |TAMS 0x0000000082b00000, 0x0000000082b00000| Untracked 
|  22|0x0000000082c00000, 0x0000000082c00000, 0x0000000082d00000|  0%| F|  |TAMS 0x0000000082c00000, 0x0000000082c00000| Untracked 
|  23|0x0000000082d00000, 0x0000000082d00000, 0x0000000082e00000|  0%| F|  |TAMS 0x0000000082d00000, 0x0000000082d00000| Untracked 
|  24|0x0000000082e00000, 0x0000000082e00000, 0x0000000082f00000|  0%| F|  |TAMS 0x0000000082e00000, 0x0000000082e00000| Untracked 
|  25|0x0000000082f00000, 0x0000000082f00000, 0x0000000083000000|  0%| F|  |TAMS 0x0000000082f00000, 0x0000000082f00000| Untracked 
|  26|0x0000000083000000, 0x0000000083000000, 0x0000000083100000|  0%| F|  |TAMS 0x0000000083000000, 0x0000000083000000| Untracked 
|  27|0x0000000083100000, 0x0000000083100000, 0x0000000083200000|  0%| F|  |TAMS 0x0000000083100000, 0x0000000083100000| Untracked 
|  28|0x0000000083200000, 0x0000000083200000, 0x0000000083300000|  0%| F|  |TAMS 0x0000000083200000, 0x0000000083200000| Untracked 
|  29|0x0000000083300000, 0x0000000083300000, 0x0000000083400000|  0%| F|  |TAMS 0x0000000083300000, 0x0000000083300000| Untracked 
|  30|0x0000000083400000, 0x0000000083400000, 0x0000000083500000|  0%| F|  |TAMS 0x0000000083400000, 0x0000000083400000| Untracked 
|  31|0x0000000083500000, 0x0000000083500000, 0x0000000083600000|  0%| F|  |TAMS 0x0000000083500000, 0x0000000083500000| Untracked 
|  32|0x0000000083600000, 0x0000000083600000, 0x0000000083700000|  0%| F|  |TAMS 0x0000000083600000, 0x0000000083600000| Untracked 
|  33|0x0000000083700000, 0x0000000083700000, 0x0000000083800000|  0%| F|  |TAMS 0x0000000083700000, 0x0000000083700000| Untracked 
|  34|0x0000000083800000, 0x0000000083800000, 0x0000000083900000|  0%| F|  |TAMS 0x0000000083800000, 0x0000000083800000| Untracked 
|  35|0x0000000083900000, 0x0000000083900000, 0x0000000083a00000|  0%| F|  |TAMS 0x0000000083900000, 0x0000000083900000| Untracked 
|  36|0x0000000083a00000, 0x0000000083a00000, 0x0000000083b00000|  0%| F|  |TAMS 0x0000000083a00000, 0x0000000083a00000| Untracked 
|  37|0x0000000083b00000, 0x0000000083b00000, 0x0000000083c00000|  0%| F|  |TAMS 0x0000000083b00000, 0x0000000083b00000| Untracked 
|  38|0x0000000083c00000, 0x0000000083c00000, 0x0000000083d00000|  0%| F|  |TAMS 0x0000000083c00000, 0x0000000083c00000| Untracked 
|  39|0x0000000083d00000, 0x0000000083d00000, 0x0000000083e00000|  0%| F|  |TAMS 0x0000000083d00000, 0x0000000083d00000| Untracked 
|  40|0x0000000083e00000, 0x0000000083e00000, 0x0000000083f00000|  0%| F|  |TAMS 0x0000000083e00000, 0x0000000083e00000| Untracked 
|  41|0x0000000083f00000, 0x0000000083f00000, 0x0000000084000000|  0%| F|  |TAMS 0x0000000083f00000, 0x0000000083f00000| Untracked 
|  42|0x0000000084000000, 0x0000000084000000, 0x0000000084100000|  0%| F|  |TAMS 0x0000000084000000, 0x0000000084000000| Untracked 
|  43|0x0000000084100000, 0x0000000084100000, 0x0000000084200000|  0%| F|  |TAMS 0x0000000084100000, 0x0000000084100000| Untracked 
|  44|0x0000000084200000, 0x0000000084200000, 0x0000000084300000|  0%| F|  |TAMS 0x0000000084200000, 0x0000000084200000| Untracked 
|  45|0x0000000084300000, 0x0000000084300000, 0x0000000084400000|  0%| F|  |TAMS 0x0000000084300000, 0x0000000084300000| Untracked 
|  46|0x0000000084400000, 0x0000000084400000, 0x0000000084500000|  0%| F|  |TAMS 0x0000000084400000, 0x0000000084400000| Untracked 
|  47|0x0000000084500000, 0x0000000084500000, 0x0000000084600000|  0%| F|  |TAMS 0x0000000084500000, 0x0000000084500000| Untracked 
|  48|0x0000000084600000, 0x0000000084600000, 0x0000000084700000|  0%| F|  |TAMS 0x0000000084600000, 0x0000000084600000| Untracked 
|  49|0x0000000084700000, 0x0000000084700000, 0x0000000084800000|  0%| F|  |TAMS 0x0000000084700000, 0x0000000084700000| Untracked 
|  50|0x0000000084800000, 0x0000000084800000, 0x0000000084900000|  0%| F|  |TAMS 0x0000000084800000, 0x0000000084800000| Untracked 
|  51|0x0000000084900000, 0x0000000084900000, 0x0000000084a00000|  0%| F|  |TAMS 0x0000000084900000, 0x0000000084900000| Untracked 
|  52|0x0000000084a00000, 0x0000000084a00000, 0x0000000084b00000|  0%| F|  |TAMS 0x0000000084a00000, 0x0000000084a00000| Untracked 
|  53|0x0000000084b00000, 0x0000000084b00000, 0x0000000084c00000|  0%| F|  |TAMS 0x0000000084b00000, 0x0000000084b00000| Untracked 
|  54|0x0000000084c00000, 0x0000000084c00000, 0x0000000084d00000|  0%| F|  |TAMS 0x0000000084c00000, 0x0000000084c00000| Untracked 
|  55|0x0000000084d00000, 0x0000000084d00000, 0x0000000084e00000|  0%| F|  |TAMS 0x0000000084d00000, 0x0000000084d00000| Untracked 
|  56|0x0000000084e00000, 0x0000000084e00000, 0x0000000084f00000|  0%| F|  |TAMS 0x0000000084e00000, 0x0000000084e00000| Untracked 
|  57|0x0000000084f00000, 0x0000000084f00000, 0x0000000085000000|  0%| F|  |TAMS 0x0000000084f00000, 0x0000000084f00000| Untracked 
|  58|0x0000000085000000, 0x0000000085000000, 0x0000000085100000|  0%| F|  |TAMS 0x0000000085000000, 0x0000000085000000| Untracked 
|  59|0x0000000085100000, 0x0000000085100000, 0x0000000085200000|  0%| F|  |TAMS 0x0000000085100000, 0x0000000085100000| Untracked 
|  60|0x0000000085200000, 0x0000000085200000, 0x0000000085300000|  0%| F|  |TAMS 0x0000000085200000, 0x0000000085200000| Untracked 
|  61|0x0000000085300000, 0x0000000085300000, 0x0000000085400000|  0%| F|  |TAMS 0x0000000085300000, 0x0000000085300000| Untracked 
|  62|0x0000000085400000, 0x0000000085400000, 0x0000000085500000|  0%| F|  |TAMS 0x0000000085400000, 0x0000000085400000| Untracked 
|  63|0x0000000085500000, 0x0000000085500000, 0x0000000085600000|  0%| F|  |TAMS 0x0000000085500000, 0x0000000085500000| Untracked 
|  64|0x0000000085600000, 0x0000000085600000, 0x0000000085700000|  0%| F|  |TAMS 0x0000000085600000, 0x0000000085600000| Untracked 
|  65|0x0000000085700000, 0x0000000085700000, 0x0000000085800000|  0%| F|  |TAMS 0x0000000085700000, 0x0000000085700000| Untracked 
|  66|0x0000000085800000, 0x0000000085800000, 0x0000000085900000|  0%| F|  |TAMS 0x0000000085800000, 0x0000000085800000| Untracked 
|  67|0x0000000085900000, 0x0000000085900000, 0x0000000085a00000|  0%| F|  |TAMS 0x0000000085900000, 0x0000000085900000| Untracked 
|  68|0x0000000085a00000, 0x0000000085a00000, 0x0000000085b00000|  0%| F|  |TAMS 0x0000000085a00000, 0x0000000085a00000| Untracked 
|  69|0x0000000085b00000, 0x0000000085b00000, 0x0000000085c00000|  0%| F|  |TAMS 0x0000000085b00000, 0x0000000085b00000| Untracked 
|  70|0x0000000085c00000, 0x0000000085c00000, 0x0000000085d00000|  0%| F|  |TAMS 0x0000000085c00000, 0x0000000085c00000| Untracked 
|  71|0x0000000085d00000, 0x0000000085d00000, 0x0000000085e00000|  0%| F|  |TAMS 0x0000000085d00000, 0x0000000085d00000| Untracked 
|  72|0x0000000085e00000, 0x0000000085e00000, 0x0000000085f00000|  0%| F|  |TAMS 0x0000000085e00000, 0x0000000085e00000| Untracked 
|  73|0x0000000085f00000, 0x0000000085f00000, 0x0000000086000000|  0%| F|  |TAMS 0x0000000085f00000, 0x0000000085f00000| Untracked 
|  74|0x0000000086000000, 0x0000000086000000, 0x0000000086100000|  0%| F|  |TAMS 0x0000000086000000, 0x0000000086000000| Untracked 
|  75|0x0000000086100000, 0x0000000086100000, 0x0000000086200000|  0%| F|  |TAMS 0x0000000086100000, 0x0000000086100000| Untracked 
|  76|0x0000000086200000, 0x0000000086200000, 0x0000000086300000|  0%| F|  |TAMS 0x0000000086200000, 0x0000000086200000| Untracked 
|  77|0x0000000086300000, 0x0000000086300000, 0x0000000086400000|  0%| F|  |TAMS 0x0000000086300000, 0x0000000086300000| Untracked 
|  78|0x0000000086400000, 0x0000000086400000, 0x0000000086500000|  0%| F|  |TAMS 0x0000000086400000, 0x0000000086400000| Untracked 
|  79|0x0000000086500000, 0x0000000086500000, 0x0000000086600000|  0%| F|  |TAMS 0x0000000086500000, 0x0000000086500000| Untracked 
|  80|0x0000000086600000, 0x0000000086600000, 0x0000000086700000|  0%| F|  |TAMS 0x0000000086600000, 0x0000000086600000| Untracked 
|  81|0x0000000086700000, 0x0000000086700000, 0x0000000086800000|  0%| F|  |TAMS 0x0000000086700000, 0x0000000086700000| Untracked 
|  82|0x0000000086800000, 0x0000000086800000, 0x0000000086900000|  0%| F|  |TAMS 0x0000000086800000, 0x0000000086800000| Untracked 
|  83|0x0000000086900000, 0x0000000086900000, 0x0000000086a00000|  0%| F|  |TAMS 0x0000000086900000, 0x0000000086900000| Untracked 
|  84|0x0000000086a00000, 0x0000000086a00000, 0x0000000086b00000|  0%| F|  |TAMS 0x0000000086a00000, 0x0000000086a00000| Untracked 
|  85|0x0000000086b00000, 0x0000000086b00000, 0x0000000086c00000|  0%| F|  |TAMS 0x0000000086b00000, 0x0000000086b00000| Untracked 
|  86|0x0000000086c00000, 0x0000000086c00000, 0x0000000086d00000|  0%| F|  |TAMS 0x0000000086c00000, 0x0000000086c00000| Untracked 
|  87|0x0000000086d00000, 0x0000000086d00000, 0x0000000086e00000|  0%| F|  |TAMS 0x0000000086d00000, 0x0000000086d00000| Untracked 
|  88|0x0000000086e00000, 0x0000000086e00000, 0x0000000086f00000|  0%| F|  |TAMS 0x0000000086e00000, 0x0000000086e00000| Untracked 
|  89|0x0000000086f00000, 0x0000000086f00000, 0x0000000087000000|  0%| F|  |TAMS 0x0000000086f00000, 0x0000000086f00000| Untracked 
|  90|0x0000000087000000, 0x0000000087000000, 0x0000000087100000|  0%| F|  |TAMS 0x0000000087000000, 0x0000000087000000| Untracked 
|  91|0x0000000087100000, 0x0000000087100000, 0x0000000087200000|  0%| F|  |TAMS 0x0000000087100000, 0x0000000087100000| Untracked 
|  92|0x0000000087200000, 0x0000000087200000, 0x0000000087300000|  0%| F|  |TAMS 0x0000000087200000, 0x0000000087200000| Untracked 
|  93|0x0000000087300000, 0x0000000087300000, 0x0000000087400000|  0%| F|  |TAMS 0x0000000087300000, 0x0000000087300000| Untracked 
|  94|0x0000000087400000, 0x0000000087400000, 0x0000000087500000|  0%| F|  |TAMS 0x0000000087400000, 0x0000000087400000| Untracked 
|  95|0x0000000087500000, 0x0000000087500000, 0x0000000087600000|  0%| F|  |TAMS 0x0000000087500000, 0x0000000087500000| Untracked 
|  96|0x0000000087600000, 0x0000000087600000, 0x0000000087700000|  0%| F|  |TAMS 0x0000000087600000, 0x0000000087600000| Untracked 
|  97|0x0000000087700000, 0x0000000087700000, 0x0000000087800000|  0%| F|  |TAMS 0x0000000087700000, 0x0000000087700000| Untracked 
|  98|0x0000000087800000, 0x0000000087800000, 0x0000000087900000|  0%| F|  |TAMS 0x0000000087800000, 0x0000000087800000| Untracked 
|  99|0x0000000087900000, 0x0000000087900000, 0x0000000087a00000|  0%| F|  |TAMS 0x0000000087900000, 0x0000000087900000| Untracked 
| 100|0x0000000087a00000, 0x0000000087a00000, 0x0000000087b00000|  0%| F|  |TAMS 0x0000000087a00000, 0x0000000087a00000| Untracked 
| 101|0x0000000087b00000, 0x0000000087b00000, 0x0000000087c00000|  0%| F|  |TAMS 0x0000000087b00000, 0x0000000087b00000| Untracked 
| 102|0x0000000087c00000, 0x0000000087c00000, 0x0000000087d00000|  0%| F|  |TAMS 0x0000000087c00000, 0x0000000087c00000| Untracked 
| 103|0x0000000087d00000, 0x0000000087d00000, 0x0000000087e00000|  0%| F|  |TAMS 0x0000000087d00000, 0x0000000087d00000| Untracked 
| 104|0x0000000087e00000, 0x0000000087e00000, 0x0000000087f00000|  0%| F|  |TAMS 0x0000000087e00000, 0x0000000087e00000| Untracked 
| 105|0x0000000087f00000, 0x0000000087f00000, 0x0000000088000000|  0%| F|  |TAMS 0x0000000087f00000, 0x0000000087f00000| Untracked 
| 106|0x0000000088000000, 0x0000000088000000, 0x0000000088100000|  0%| F|  |TAMS 0x0000000088000000, 0x0000000088000000| Untracked 
| 107|0x0000000088100000, 0x0000000088100000, 0x0000000088200000|  0%| F|  |TAMS 0x0000000088100000, 0x0000000088100000| Untracked 
| 108|0x0000000088200000, 0x0000000088200000, 0x0000000088300000|  0%| F|  |TAMS 0x0000000088200000, 0x0000000088200000| Untracked 
| 109|0x0000000088300000, 0x0000000088300000, 0x0000000088400000|  0%| F|  |TAMS 0x0000000088300000, 0x0000000088300000| Untracked 
| 110|0x0000000088400000, 0x0000000088400000, 0x0000000088500000|  0%| F|  |TAMS 0x0000000088400000, 0x0000000088400000| Untracked 
| 111|0x0000000088500000, 0x0000000088500000, 0x0000000088600000|  0%| F|  |TAMS 0x0000000088500000, 0x0000000088500000| Untracked 
| 112|0x0000000088600000, 0x0000000088600000, 0x0000000088700000|  0%| F|  |TAMS 0x0000000088600000, 0x0000000088600000| Untracked 
| 113|0x0000000088700000, 0x0000000088700000, 0x0000000088800000|  0%| F|  |TAMS 0x0000000088700000, 0x0000000088700000| Untracked 
| 114|0x0000000088800000, 0x0000000088800000, 0x0000000088900000|  0%| F|  |TAMS 0x0000000088800000, 0x0000000088800000| Untracked 
| 115|0x0000000088900000, 0x0000000088900000, 0x0000000088a00000|  0%| F|  |TAMS 0x0000000088900000, 0x0000000088900000| Untracked 
| 116|0x0000000088a00000, 0x0000000088a00000, 0x0000000088b00000|  0%| F|  |TAMS 0x0000000088a00000, 0x0000000088a00000| Untracked 
| 117|0x0000000088b00000, 0x0000000088b00000, 0x0000000088c00000|  0%| F|  |TAMS 0x0000000088b00000, 0x0000000088b00000| Untracked 
| 118|0x0000000088c00000, 0x0000000088c00000, 0x0000000088d00000|  0%| F|  |TAMS 0x0000000088c00000, 0x0000000088c00000| Untracked 
| 119|0x0000000088d00000, 0x0000000088d00000, 0x0000000088e00000|  0%| F|  |TAMS 0x0000000088d00000, 0x0000000088d00000| Untracked 
| 120|0x0000000088e00000, 0x0000000088e00000, 0x0000000088f00000|  0%| F|  |TAMS 0x0000000088e00000, 0x0000000088e00000| Untracked 
| 121|0x0000000088f00000, 0x0000000088f00000, 0x0000000089000000|  0%| F|  |TAMS 0x0000000088f00000, 0x0000000088f00000| Untracked 
| 122|0x0000000089000000, 0x0000000089000000, 0x0000000089100000|  0%| F|  |TAMS 0x0000000089000000, 0x0000000089000000| Untracked 
| 123|0x0000000089100000, 0x0000000089100000, 0x0000000089200000|  0%| F|  |TAMS 0x0000000089100000, 0x0000000089100000| Untracked 
| 124|0x0000000089200000, 0x0000000089200000, 0x0000000089300000|  0%| F|  |TAMS 0x0000000089200000, 0x0000000089200000| Untracked 
| 125|0x0000000089300000, 0x0000000089300000, 0x0000000089400000|  0%| F|  |TAMS 0x0000000089300000, 0x0000000089300000| Untracked 
| 126|0x0000000089400000, 0x0000000089443108, 0x0000000089500000| 26%| E|  |TAMS 0x0000000089400000, 0x0000000089400000| Complete 
| 127|0x0000000089500000, 0x0000000089600000, 0x0000000089600000|100%| E|CS|TAMS 0x0000000089500000, 0x0000000089500000| Complete 

Card table byte_map: [0x0000017bf7950000,0x0000017bf7d50000] _byte_map_base: 0x0000017bf7545000

Marking Bits (Prev, Next): (CMBitMap*) 0x0000017bf2022020, (CMBitMap*) 0x0000017bf2022060
 Prev Bits: [0x0000017bf8150000, 0x0000017bfa0f8000)
 Next Bits: [0x0000017bfa100000, 0x0000017bfc0a8000)

Polling page: 0x0000017bf2090000

Metaspace:

Usage:
  Non-class:      3.69 MB used.
      Class:    338.31 KB used.
       Both:      4.02 MB used.

Virtual space:
  Non-class space:        8.00 MB reserved,       3.69 MB ( 46%) committed,  1 nodes.
      Class space:        1.00 GB reserved,     384.00 KB ( <1%) committed,  1 nodes.
             Both:        1.01 GB reserved,       4.06 MB ( <1%) committed. 

Chunk freelists:
   Non-Class:  0 bytes
       Class:  3.62 MB
        Both:  3.62 MB

MaxMetaspaceSize: unlimited
CompressedClassSpaceSize: 1.00 GB
Initial GC threshold: 21.00 MB
Current GC threshold: 21.00 MB
CDS: off
MetaspaceReclaimPolicy: balanced
 - commit_granule_bytes: 65536.
 - commit_granule_words: 8192.
 - virtual_space_node_default_size: 1048576.
 - enlarge_chunks_in_place: 1.
 - new_chunks_are_fully_committed: 0.
 - uncommit_free_chunks: 1.
 - use_allocation_guard: 0.
 - handle_deallocations: 1.


Internal statistics:

num_allocs_failed_limit: 0.
num_arena_births: 2.
num_arena_deaths: 0.
num_vsnodes_births: 2.
num_vsnodes_deaths: 0.
num_space_committed: 65.
num_space_uncommitted: 0.
num_chunks_returned_to_freelist: 0.
num_chunks_taken_from_freelist: 4.
num_chunk_merges: 0.
num_chunk_splits: 1.
num_chunks_enlarged: 0.
num_purges: 0.
num_inconsistent_stats: 0.

CodeHeap 'non-profiled nmethods': size=120000Kb used=10Kb max_used=10Kb free=119989Kb
 bounds [0x0000017b87ad0000, 0x0000017b87d40000, 0x0000017b8f000000]
CodeHeap 'profiled nmethods': size=120000Kb used=83Kb max_used=83Kb free=119916Kb
 bounds [0x0000017b80000000, 0x0000017b80270000, 0x0000017b87530000]
CodeHeap 'non-nmethods': size=5760Kb used=1033Kb max_used=1044Kb free=4727Kb
 bounds [0x0000017b87530000, 0x0000017b877a0000, 0x0000017b87ad0000]
 total_blobs=350 nmethods=63 adapters=200
 compilation: enabled
              stopped_count=0, restarted_count=0
 full_count=0

Compilation events (20 events):
Event: 0.356 Thread 0x0000017bff1235d0   53       3       java.util.HashMap::afterNodeInsertion (1 bytes)
Event: 0.356 Thread 0x0000017bff1235d0 nmethod 53 0x0000017b80013310 code [0x0000017b800134a0, 0x0000017b800135b8]
Event: 0.356 Thread 0x0000017bff1235d0   54       3       java.util.HashMap::put (13 bytes)
Event: 0.357 Thread 0x0000017bff1235d0 nmethod 54 0x0000017b80013690 code [0x0000017b80013840, 0x0000017b80013b38]
Event: 0.357 Thread 0x0000017bff1235d0   56       3       java.util.HashMap::get (19 bytes)
Event: 0.357 Thread 0x0000017bff1235d0 nmethod 56 0x0000017b80013c90 code [0x0000017b80013e40, 0x0000017b80014008]
Event: 0.357 Thread 0x0000017bff1235d0   55       1       java.lang.module.ModuleDescriptor$Exports::source (5 bytes)
Event: 0.357 Thread 0x0000017bff1235d0 nmethod 55 0x0000017b87ad1b90 code [0x0000017b87ad1d20, 0x0000017b87ad1df8]
Event: 0.357 Thread 0x0000017bff1235d0   51       1       java.lang.module.ResolvedModule::reference (5 bytes)
Event: 0.357 Thread 0x0000017bff1235d0 nmethod 51 0x0000017b87ad1e90 code [0x0000017b87ad2020, 0x0000017b87ad20f8]
Event: 0.357 Thread 0x0000017bff1235d0   58       1       java.lang.module.ModuleDescriptor::isAutomatic (5 bytes)
Event: 0.357 Thread 0x0000017bff1235d0 nmethod 58 0x0000017b87ad2190 code [0x0000017b87ad2320, 0x0000017b87ad23f8]
Event: 0.357 Thread 0x0000017bff1235d0   59       3       java.util.ImmutableCollections$Set12::iterator (9 bytes)
Event: 0.357 Thread 0x0000017bff1235d0 nmethod 59 0x0000017b80014110 code [0x0000017b800142c0, 0x0000017b80014598]
Event: 0.357 Thread 0x0000017bff1235d0   60       3       java.util.ImmutableCollections$Set12$1::<init> (32 bytes)
Event: 0.357 Thread 0x0000017bff1235d0 nmethod 60 0x0000017b80014690 code [0x0000017b80014840, 0x0000017b80014a78]
Event: 0.358 Thread 0x0000017bff1235d0   62       1       java.util.ImmutableCollections$Set12::isEmpty (2 bytes)
Event: 0.358 Thread 0x0000017bff1235d0 nmethod 62 0x0000017b87ad2890 code [0x0000017b87ad2a20, 0x0000017b87ad2af8]
Event: 0.367 Thread 0x0000017bff1235d0   63       3       java.io.WinNTFileSystem::isSlash (18 bytes)
Event: 0.367 Thread 0x0000017bff1235d0 nmethod 63 0x0000017b80014b90 code [0x0000017b80014d20, 0x0000017b80014eb8]

GC Heap History (0 events):
No events

Dll operation events (1 events):
Event: 0.146 Loaded shared library D:\Program Files\PyCharm\PyCharm Community Edition 2022.2.3\jbr\bin\java.dll

Deoptimization events (0 events):
No events

Classes unloaded (0 events):
No events

Classes redefined (0 events):
No events

Internal exceptions (0 events):
No events

VM Operations (0 events):
No events

Events (20 events):
Event: 0.375 loading class java/nio/file/spi/FileSystemProvider done
Event: 0.375 loading class sun/nio/fs/AbstractFileSystemProvider done
Event: 0.375 loading class sun/nio/fs/WindowsFileSystemProvider done
Event: 0.376 loading class java/nio/file/StandardOpenOption
Event: 0.376 loading class java/nio/file/OpenOption
Event: 0.376 loading class java/nio/file/OpenOption done
Event: 0.376 loading class java/nio/file/StandardOpenOption done
Event: 0.377 loading class sun/nio/fs/WindowsFileSystem
Event: 0.377 loading class java/nio/file/FileSystem
Event: 0.378 loading class java/nio/file/FileSystem done
Event: 0.378 loading class sun/nio/fs/WindowsFileSystem done
Event: 0.378 loading class java/util/Arrays$ArrayList
Event: 0.378 loading class java/util/Arrays$ArrayList done
Event: 0.378 loading class java/util/Arrays$ArrayItr
Event: 0.378 loading class java/util/Arrays$ArrayItr done
Event: 0.378 loading class java/util/Collections$UnmodifiableSet
Event: 0.378 loading class java/util/Collections$UnmodifiableCollection
Event: 0.378 loading class java/util/Collections$UnmodifiableCollection done
Event: 0.378 loading class java/util/Collections$UnmodifiableSet done
Event: 0.378 loading class sun/nio/fs/WindowsPathParser


Dynamic libraries:
0x00007ff65dc90000 - 0x00007ff65dc9a000 	D:\Program Files\PyCharm\PyCharm Community Edition 2022.2.3\jbr\bin\java.exe
0x00007ffbd0e90000 - 0x00007ffbd1088000 	C:\WINDOWS\SYSTEM32\ntdll.dll
0x00007ffbcff60000 - 0x00007ffbd001f000 	C:\WINDOWS\System32\KERNEL32.DLL
0x00007ffbce710000 - 0x00007ffbcea06000 	C:\WINDOWS\System32\KERNELBASE.dll
0x00007ffbcebc0000 - 0x00007ffbcecc0000 	C:\WINDOWS\System32\ucrtbase.dll
0x00007ffbacc30000 - 0x00007ffbacc4b000 	D:\Program Files\PyCharm\PyCharm Community Edition 2022.2.3\jbr\bin\VCRUNTIME140.dll
0x00007ffba9cd0000 - 0x00007ffba9ce7000 	D:\Program Files\PyCharm\PyCharm Community Edition 2022.2.3\jbr\bin\jli.dll
0x00007ffbcfd10000 - 0x00007ffbcfead000 	C:\WINDOWS\System32\USER32.dll
0x00007ffbce630000 - 0x00007ffbce652000 	C:\WINDOWS\System32\win32u.dll
0x00007ffbcf420000 - 0x00007ffbcf44c000 	C:\WINDOWS\System32\GDI32.dll
0x00007ffbcea10000 - 0x00007ffbceb25000 	C:\WINDOWS\System32\gdi32full.dll
0x00007ffbcee20000 - 0x00007ffbceebd000 	C:\WINDOWS\System32\msvcp_win.dll
0x00007ffbbae60000 - 0x00007ffbbb0fa000 	C:\WINDOWS\WinSxS\amd64_microsoft.windows.common-controls_6595b64144ccf1df_6.0.19041.1110_none_60b5254171f9507e\COMCTL32.dll
0x00007ffbd0db0000 - 0x00007ffbd0e4e000 	C:\WINDOWS\System32\msvcrt.dll
0x00007ffbcfce0000 - 0x00007ffbcfd10000 	C:\WINDOWS\System32\IMM32.DLL
0x00007ffbca3f0000 - 0x00007ffbca3fc000 	D:\Program Files\PyCharm\PyCharm Community Edition 2022.2.3\jbr\bin\vcruntime140_1.dll
0x00007ffb8fc20000 - 0x00007ffb8fcad000 	D:\Program Files\PyCharm\PyCharm Community Edition 2022.2.3\jbr\bin\msvcp140.dll
0x00007ffb34c60000 - 0x00007ffb358cd000 	D:\Program Files\PyCharm\PyCharm Community Edition 2022.2.3\jbr\bin\server\jvm.dll
0x00007ffbcf250000 - 0x00007ffbcf2ff000 	C:\WINDOWS\System32\ADVAPI32.dll
0x00007ffbcf760000 - 0x00007ffbcf7fc000 	C:\WINDOWS\System32\sechost.dll
0x00007ffbd0a70000 - 0x00007ffbd0b96000 	C:\WINDOWS\System32\RPCRT4.dll
0x00007ffbb2dc0000 - 0x00007ffbb2dc9000 	C:\WINDOWS\SYSTEM32\WSOCK32.dll
0x00007ffbbf7d0000 - 0x00007ffbbf7f7000 	C:\WINDOWS\SYSTEM32\WINMM.dll
0x00007ffbc4540000 - 0x00007ffbc454a000 	C:\WINDOWS\SYSTEM32\VERSION.dll
0x00007ffbd0980000 - 0x00007ffbd09eb000 	C:\WINDOWS\System32\WS2_32.dll
0x00007ffbcc420000 - 0x00007ffbcc432000 	C:\WINDOWS\SYSTEM32\kernel.appcore.dll
0x00007ffbca390000 - 0x00007ffbca39a000 	D:\Program Files\PyCharm\PyCharm Community Edition 2022.2.3\jbr\bin\jimage.dll
0x00007ffbbcfe0000 - 0x00007ffbbd1c4000 	C:\WINDOWS\SYSTEM32\DBGHELP.DLL
0x00007ffbbb2e0000 - 0x00007ffbbb314000 	C:\WINDOWS\SYSTEM32\dbgcore.DLL
0x00007ffbceb30000 - 0x00007ffbcebb2000 	C:\WINDOWS\System32\bcryptPrimitives.dll
0x00007ffbc4e00000 - 0x00007ffbc4e25000 	D:\Program Files\PyCharm\PyCharm Community Edition 2022.2.3\jbr\bin\java.dll
0x00007ffbc94e0000 - 0x00007ffbc94f8000 	D:\Program Files\PyCharm\PyCharm Community Edition 2022.2.3\jbr\bin\zip.dll
0x00007ffbd0020000 - 0x00007ffbd0764000 	C:\WINDOWS\System32\SHELL32.dll
0x00007ffbcc620000 - 0x00007ffbccdb3000 	C:\WINDOWS\SYSTEM32\windows.storage.dll
0x00007ffbceef0000 - 0x00007ffbcf244000 	C:\WINDOWS\System32\combase.dll
0x00007ffbcdfc0000 - 0x00007ffbcdfee000 	C:\WINDOWS\SYSTEM32\Wldp.dll
0x00007ffbcfeb0000 - 0x00007ffbcff5d000 	C:\WINDOWS\System32\SHCORE.dll
0x00007ffbd0920000 - 0x00007ffbd0975000 	C:\WINDOWS\System32\shlwapi.dll
0x00007ffbce4b0000 - 0x00007ffbce4cf000 	C:\WINDOWS\SYSTEM32\profapi.dll

dbghelp: loaded successfully - version: 4.0.5 - missing functions: none
symbol engine: initialized successfully - sym options: 0x614 - pdb path: .;D:\Program Files\PyCharm\PyCharm Community Edition 2022.2.3\jbr\bin;C:\WINDOWS\SYSTEM32;C:\WINDOWS\WinSxS\amd64_microsoft.windows.common-controls_6595b64144ccf1df_6.0.19041.1110_none_60b5254171f9507e;D:\Program Files\PyCharm\PyCharm Community Edition 2022.2.3\jbr\bin\server

VM Arguments:
java_command: git4idea.http.GitAskPassApp Username for 'https://github.com': 
java_class_path (initial): D:/Program Files/PyCharm/PyCharm Community Edition 2022.2.3/plugins/git4idea/lib/git4idea-rt.jar;D:/Program Files/PyCharm/PyCharm Community Edition 2022.2.3/lib/externalProcess-rt.jar;D:/Program Files/PyCharm/PyCharm Community Edition 2022.2.3/lib/app.jar;D:/Program Files/PyCharm/PyCharm Community Edition 2022.2.3/lib/3rd-party-rt.jar
Launcher Type: SUN_STANDARD

[Global flags]
     intx CICompilerCount                          = 3                                         {product} {ergonomic}
     uint ConcGCThreads                            = 1                                         {product} {ergonomic}
     uint G1ConcRefinementThreads                  = 4                                         {product} {ergonomic}
   size_t G1HeapRegionSize                         = 1048576                                   {product} {ergonomic}
    uintx GCDrainStackTargetSize                   = 64                                        {product} {ergonomic}
   size_t InitialHeapSize                          = 134217728                                 {product} {ergonomic}
   size_t MarkStackSize                            = 4194304                                   {product} {ergonomic}
   size_t MaxHeapSize                              = 2124414976                                {product} {ergonomic}
   size_t MaxNewSize                               = 1274019840                                {product} {ergonomic}
   size_t MinHeapDeltaBytes                        = 1048576                                   {product} {ergonomic}
   size_t MinHeapSize                              = 8388608                                   {product} {ergonomic}
    uintx NonNMethodCodeHeapSize                   = 5832780                                {pd product} {ergonomic}
    uintx NonProfiledCodeHeapSize                  = 122912730                              {pd product} {ergonomic}
    uintx ProfiledCodeHeapSize                     = 122912730                              {pd product} {ergonomic}
    uintx ReservedCodeCacheSize                    = 251658240                              {pd product} {ergonomic}
     bool SegmentedCodeCache                       = true                                      {product} {ergonomic}
   size_t SoftMaxHeapSize                          = 2124414976                             {manageable} {ergonomic}
     bool UseCompressedClassPointers               = true                           {product lp64_product} {ergonomic}
     bool UseCompressedOops                        = true                           {product lp64_product} {ergonomic}
     bool UseG1GC                                  = true                                      {product} {ergonomic}
     bool UseLargePagesIndividualAllocation        = false                                  {pd product} {ergonomic}

Logging:
Log output configuration:
 #0: stdout all=warning uptime,level,tags
 #1: stderr all=off uptime,level,tags

Environment Variables:
PATH=C:\Program Files\Git\mingw64\libexec\git-core;C:\Program Files\Git\mingw64\libexec\git-core;C:\Program Files\Git\mingw64\bin;C:\Program Files\Git\usr\bin;C:\Users\Kin\bin;D:\SCHOOL FILES\Ramibot project\bare minimum\venv\Scripts;C:\Users\kin\ffmpeg\bin;C:\Users\user_name\ffmpeg\bin;C:\Users\user_name\ffmpeg\bin;C:\Users\user_name\ffmpeg\bin;C:\Program Files (x86)\Intel\iCLS Client;C:\Program Files\Intel\iCLS Client;C:\WINDOWS\system32;C:\WINDOWS;C:\WINDOWS\System32\Wbem;C:\WINDOWS\System32\WindowsPowerShell\v1.0;C:\WINDOWS\System32\OpenSSH;C:\Program Files\dotnet;C:\Program Files (x86)\Intel\Intel(R) Management Engine Components\DAL;C:\Program Files\Intel\Intel(R) Management Engine Components\DAL;C:\Program Files (x86)\Intel\Intel(R) Management Engine Components\IPT;C:\Program Files\Intel\Intel(R) Management Engine Components\IPT;C:\Program Files\Git\cmd;C:\Users\Kin\AppData\Local\Microsoft\WindowsApps;D:\Program Files\PyCharm\PyCharm Community Edition 2022.2.3\bin;C:\Users\Kin\AppData\Local\Programs\Microsoft VS Code\bin;C:\ffmpeg\bin;C:\ProgramData\chocolatey\bin;C:\Program Files\Graphviz\bin;C:\Users\Kin\AppData\Local\Microsoft\WindowsApps;D:\Program Files\PyCharm\PyCharm Community Edition 2022.2.3\bin;C:\Users\Kin\AppData\Local\Programs\Microsoft VS Code\bin;C:\ffmpeg
USERNAME=Kin
DISPLAY=:0.0
LC_ALL=en_US.UTF-8
TERM=xterm-256color
TMPDIR=C:\Users\Kin\AppData\Local\Temp
OS=Windows_NT
PROCESSOR_IDENTIFIER=Intel64 Family 6 Model 69 Stepping 1, GenuineIntel
TMP=C:\Users\Kin\AppData\Local\Temp
TEMP=C:\Users\Kin\AppData\Local\Temp



---------------  S Y S T E M  ---------------

OS:
 Windows 10 , 64 bit Build 19041 (10.0.19041.3031)
OS uptime: 3 days 3:18 hours

CPU: total 4 (initial active 4) (2 cores per cpu, 2 threads per core) family 6 model 69 stepping 1 microcode 0x25, cx8, cmov, fxsr, ht, mmx, sse, sse2, sse3, ssse3, sse4.1, sse4.2, popcnt, lzcnt, tsc, tscinvbit, avx, avx2, aes, erms, clmul, bmi1, bmi2, fma, vzeroupper, clflush

Memory: 4k page, system-wide physical 8097M (316M free)
TotalPageFile size 17517M (AvailPageFile size 0M)
current process WorkingSet (physical memory assigned to process): 28M, peak: 28M
current process commit charge ("private bytes"): 193M, peak: 193M

vm_info: OpenJDK 64-Bit Server VM (17.0.6+7-b469.82) for windows-amd64 JRE (17.0.6+7-b469.82), built on 2023-03-05 by "builduser" with MS VC++ 16.10 / 16.11 (VS2019)

END.
